This is pdfTeX, Version 3.141592653-2.6-1.40.26 (TeX Live 2024) (preloaded format=pdflatex 2024.6.6)  31 AUG 2025 19:08
entering extended mode
 restricted \write18 enabled.
 %&-line parsing enabled.
**DSTSOM.tex
(./DSTSOM.tex
LaTeX2e <2024-06-01>
L3 programming layer <2024-05-08>
(c:/texlive/2024/texmf-dist/tex/latex/base/article.cls
Document Class: article 2024/02/08 v1.4n Standard LaTeX document class
(c:/texlive/2024/texmf-dist/tex/latex/base/size10.clo
File: size10.clo 2024/02/08 v1.4n Standard LaTeX file (size option)
)
\c@part=\count194
\c@section=\count195
\c@subsection=\count196
\c@subsubsection=\count197
\c@paragraph=\count198
\c@subparagraph=\count199
\c@figure=\count266
\c@table=\count267
\abovecaptionskip=\skip49
\belowcaptionskip=\skip50
\bibindent=\dimen141
)
(c:/texlive/2024/texmf-dist/tex/latex/graphics/graphicx.sty
Package: graphicx 2021/09/16 v1.2d Enhanced LaTeX Graphics (DPC,SPQR)

(c:/texlive/2024/texmf-dist/tex/latex/graphics/keyval.sty
Package: keyval 2022/05/29 v1.15 key=value parser (DPC)
\KV@toks@=\toks17
)
(c:/texlive/2024/texmf-dist/tex/latex/graphics/graphics.sty
Package: graphics 2024/05/23 v1.4g Standard LaTeX Graphics (DPC,SPQR)

(c:/texlive/2024/texmf-dist/tex/latex/graphics/trig.sty
Package: trig 2023/12/02 v1.11 sin cos tan (DPC)
)
(c:/texlive/2024/texmf-dist/tex/latex/graphics-cfg/graphics.cfg
File: graphics.cfg 2016/06/04 v1.11 sample graphics configuration
)
Package graphics Info: Driver file: pdftex.def on input line 106.

(c:/texlive/2024/texmf-dist/tex/latex/graphics-def/pdftex.def
File: pdftex.def 2024/04/13 v1.2c Graphics/color driver for pdftex
))
\Gin@req@height=\dimen142
\Gin@req@width=\dimen143
)
(c:/texlive/2024/texmf-dist/tex/latex/xcolor/xcolor.sty
Package: xcolor 2023/11/15 v3.01 LaTeX color extensions (UK)

(c:/texlive/2024/texmf-dist/tex/latex/graphics-cfg/color.cfg
File: color.cfg 2016/01/02 v1.6 sample color configuration
)
Package xcolor Info: Driver file: pdftex.def on input line 274.

(c:/texlive/2024/texmf-dist/tex/latex/graphics/mathcolor.ltx)
Package xcolor Info: Model `cmy' substituted by `cmy0' on input line 1350.
Package xcolor Info: Model `hsb' substituted by `rgb' on input line 1354.
Package xcolor Info: Model `RGB' extended on input line 1366.
Package xcolor Info: Model `HTML' substituted by `rgb' on input line 1368.
Package xcolor Info: Model `Hsb' substituted by `hsb' on input line 1369.
Package xcolor Info: Model `tHsb' substituted by `hsb' on input line 1370.
Package xcolor Info: Model `HSB' substituted by `hsb' on input line 1371.
Package xcolor Info: Model `Gray' substituted by `gray' on input line 1372.
Package xcolor Info: Model `wave' substituted by `hsb' on input line 1373.
)
(c:/texlive/2024/texmf-dist/tex/latex/framed/framed.sty
Package: framed 2011/10/22 v 0.96: framed or shaded text with page breaks
\OuterFrameSep=\skip51
\fb@frw=\dimen144
\fb@frh=\dimen145
\FrameRule=\dimen146
\FrameSep=\dimen147
)
(c:/texlive/2024/texmf-dist/tex/latex/base/alltt.sty
Package: alltt 2024/02/08 v2.0g defines alltt environment
)
(c:/texlive/2024/texmf-dist/tex/latex/pdfpages/pdfpages.sty
Package: pdfpages 2024/05/29 v0.6a Insert pages of external PDF documents (AM)

(c:/texlive/2024/texmf-dist/tex/latex/base/ifthen.sty
Package: ifthen 2024/03/16 v1.1e Standard LaTeX ifthen package (DPC)
)
(c:/texlive/2024/texmf-dist/tex/latex/tools/calc.sty
Package: calc 2023/07/08 v4.3 Infix arithmetic (KKT,FJ)
\calc@Acount=\count268
\calc@Bcount=\count269
\calc@Adimen=\dimen148
\calc@Bdimen=\dimen149
\calc@Askip=\skip52
\calc@Bskip=\skip53
LaTeX Info: Redefining \setlength on input line 80.
LaTeX Info: Redefining \addtolength on input line 81.
\calc@Ccount=\count270
\calc@Cskip=\skip54
)
(c:/texlive/2024/texmf-dist/tex/latex/eso-pic/eso-pic.sty
Package: eso-pic 2023/05/03 v3.0c eso-pic (RN)
\ESO@tempdima=\dimen150
\ESO@tempdimb=\dimen151
)
\AM@pagewidth=\dimen152
\AM@pageheight=\dimen153
\AM@fboxrule=\dimen154

(c:/texlive/2024/texmf-dist/tex/latex/pdfpages/pppdftex.def
File: pppdftex.def 2024/05/29 v0.6a Pdfpages driver for pdfTeX (AM)
)
\pdfpages@includegraphics@status=\count271
\AM@pagebox=\box52
\AM@global@opts=\toks18
\AM@pagecnt=\count272
\AM@toc@title=\toks19
\AM@lof@heading=\toks20
\c@AM@survey=\count273
\AM@templatesizebox=\box53
)
(c:/texlive/2024/texmf-dist/tex/latex/upquote/upquote.sty
Package: upquote 2012/04/19 v1.3 upright-quote and grave-accent glyphs in verba
tim
)
(c:/texlive/2024/texmf-dist/tex/latex/l3backend/l3backend-pdftex.def
File: l3backend-pdftex.def 2024-05-08 L3 backend support: PDF output (pdfTeX)
\l__color_backend_stack_int=\count274
\l__pdf_internal_box=\box54
)
(./DSTSOM.aux)
\openout1 = `DSTSOM.aux'.

LaTeX Font Info:    Checking defaults for OML/cmm/m/it on input line 59.
LaTeX Font Info:    ... okay on input line 59.
LaTeX Font Info:    Checking defaults for OMS/cmsy/m/n on input line 59.
LaTeX Font Info:    ... okay on input line 59.
LaTeX Font Info:    Checking defaults for OT1/cmr/m/n on input line 59.
LaTeX Font Info:    ... okay on input line 59.
LaTeX Font Info:    Checking defaults for T1/cmr/m/n on input line 59.
LaTeX Font Info:    ... okay on input line 59.
LaTeX Font Info:    Checking defaults for TS1/cmr/m/n on input line 59.
LaTeX Font Info:    ... okay on input line 59.
LaTeX Font Info:    Checking defaults for OMX/cmex/m/n on input line 59.
LaTeX Font Info:    ... okay on input line 59.
LaTeX Font Info:    Checking defaults for U/cmr/m/n on input line 59.
LaTeX Font Info:    ... okay on input line 59.
 (c:/texlive/2024/texmf-dist/tex/context/base/mkii/supp-pdf.mkii
[Loading MPS to PDF converter (version 2006.09.02).]
\scratchcounter=\count275
\scratchdimen=\dimen155
\scratchbox=\box55
\nofMPsegments=\count276
\nofMParguments=\count277
\everyMPshowfont=\toks21
\MPscratchCnt=\count278
\MPscratchDim=\dimen156
\MPnumerator=\count279
\makeMPintoPDFobject=\count280
\everyMPtoPDFconversion=\toks22
) (c:/texlive/2024/texmf-dist/tex/latex/epstopdf-pkg/epstopdf-base.sty
Package: epstopdf-base 2020-01-24 v2.11 Base part for package epstopdf
Package epstopdf-base Info: Redefining graphics rule for `.eps' on input line 4
85.

(c:/texlive/2024/texmf-dist/tex/latex/latexconfig/epstopdf-sys.cfg
File: epstopdf-sys.cfg 2010/07/13 v1.3 Configuration of (r)epstopdf for TeX Liv
e
))
(c:/texlive/2024/texmf-dist/tex/latex/pdflscape/pdflscape.sty
Package: pdflscape 2022-10-27 v0.13 Display of landscape pages in PDF

(c:/texlive/2024/texmf-dist/tex/latex/pdflscape/pdflscape-nometadata.sty
Package: pdflscape-nometadata 2022-10-28 v0.13 Display of landscape pages in PD
F (HO)

(c:/texlive/2024/texmf-dist/tex/generic/iftex/iftex.sty
Package: iftex 2022/02/03 v1.0f TeX engine tests
)
(c:/texlive/2024/texmf-dist/tex/latex/graphics/lscape.sty
Package: lscape 2020/05/28 v3.02 Landscape Pages (DPC)
)
Package pdflscape Info: Auto-detected driver: pdftex on input line 81.
))
<ordinal_analysis.pdf, id=1, 614.295pt x 794.97pt>
File: ordinal_analysis.pdf Graphic file (type pdf)
<use ordinal_analysis.pdf>
Package pdftex.def Info: ordinal_analysis.pdf  used on input line 61.
(pdftex.def)             Requested size: 614.29349pt x 794.96806pt.
File: ordinal_analysis.pdf Graphic file (type pdf)
<use ordinal_analysis.pdf>
Package pdftex.def Info: ordinal_analysis.pdf  used on input line 61.
(pdftex.def)             Requested size: 614.29349pt x 794.96806pt.
<ordinal_analysis.pdf, id=4, page=1, 614.295pt x 794.97pt>
File: ordinal_analysis.pdf Graphic file (type pdf)
<use ordinal_analysis.pdf, page 1>
Package pdftex.def Info: ordinal_analysis.pdf , page1 used on input line 61.
(pdftex.def)             Requested size: 614.29349pt x 794.96806pt.
File: ordinal_analysis.pdf Graphic file (type pdf)
<use ordinal_analysis.pdf, page 1>
Package pdftex.def Info: ordinal_analysis.pdf , page1 used on input line 61.
(pdftex.def)             Requested size: 614.58406pt x 795.3441pt.
File: ordinal_analysis.pdf Graphic file (type pdf)
<use ordinal_analysis.pdf, page 1>
Package pdftex.def Info: ordinal_analysis.pdf , page1 used on input line 61.
(pdftex.def)             Requested size: 614.58406pt x 795.3441pt.
File: ordinal_analysis.pdf Graphic file (type pdf)
<use ordinal_analysis.pdf, page 1>
Package pdftex.def Info: ordinal_analysis.pdf , page1 used on input line 61.
(pdftex.def)             Requested size: 614.58406pt x 795.3441pt.


File: ordinal_analysis.pdf Graphic file (type pdf)
<use ordinal_analysis.pdf, page 1>
Package pdftex.def Info: ordinal_analysis.pdf , page1 used on input line 61.
(pdftex.def)             Requested size: 614.58406pt x 795.3441pt.
[1


 <./ordinal_analysis.pdf{c:/texlive/2024/texmf-var/fonts/map/pdftex/updmap/pdft
ex.map}>]
<ordinal_analysis.pdf, id=47, page=2, 614.295pt x 794.97pt>
File: ordinal_analysis.pdf Graphic file (type pdf)
<use ordinal_analysis.pdf, page 2>
Package pdftex.def Info: ordinal_analysis.pdf , page2 used on input line 61.
(pdftex.def)             Requested size: 614.58406pt x 795.3441pt.
File: ordinal_analysis.pdf Graphic file (type pdf)
<use ordinal_analysis.pdf, page 2>
Package pdftex.def Info: ordinal_analysis.pdf , page2 used on input line 61.
(pdftex.def)             Requested size: 614.58406pt x 795.3441pt.


File: ordinal_analysis.pdf Graphic file (type pdf)
<use ordinal_analysis.pdf, page 2>
Package pdftex.def Info: ordinal_analysis.pdf , page2 used on input line 61.
(pdftex.def)             Requested size: 614.58406pt x 795.3441pt.
[2

 <./ordinal_analysis.pdf>]
<ordinal_analysis.pdf, id=51, page=3, 614.295pt x 794.97pt>
File: ordinal_analysis.pdf Graphic file (type pdf)
<use ordinal_analysis.pdf, page 3>
Package pdftex.def Info: ordinal_analysis.pdf , page3 used on input line 61.
(pdftex.def)             Requested size: 614.58406pt x 795.3441pt.
File: ordinal_analysis.pdf Graphic file (type pdf)
<use ordinal_analysis.pdf, page 3>
Package pdftex.def Info: ordinal_analysis.pdf , page3 used on input line 61.
(pdftex.def)             Requested size: 614.58406pt x 795.3441pt.


File: ordinal_analysis.pdf Graphic file (type pdf)
<use ordinal_analysis.pdf, page 3>
Package pdftex.def Info: ordinal_analysis.pdf , page3 used on input line 61.
(pdftex.def)             Requested size: 614.58406pt x 795.3441pt.
[3

 <./ordinal_analysis.pdf>]
<ordinal_analysis.pdf, id=58, page=4, 614.295pt x 794.97pt>
File: ordinal_analysis.pdf Graphic file (type pdf)
<use ordinal_analysis.pdf, page 4>
Package pdftex.def Info: ordinal_analysis.pdf , page4 used on input line 61.
(pdftex.def)             Requested size: 614.58406pt x 795.3441pt.
File: ordinal_analysis.pdf Graphic file (type pdf)
<use ordinal_analysis.pdf, page 4>
Package pdftex.def Info: ordinal_analysis.pdf , page4 used on input line 61.
(pdftex.def)             Requested size: 614.58406pt x 795.3441pt.


File: ordinal_analysis.pdf Graphic file (type pdf)
<use ordinal_analysis.pdf, page 4>
Package pdftex.def Info: ordinal_analysis.pdf , page4 used on input line 61.
(pdftex.def)             Requested size: 614.58406pt x 795.3441pt.
[4

 <./ordinal_analysis.pdf>]
<ordinal_analysis.pdf, id=74, page=5, 614.295pt x 794.97pt>
File: ordinal_analysis.pdf Graphic file (type pdf)
<use ordinal_analysis.pdf, page 5>
Package pdftex.def Info: ordinal_analysis.pdf , page5 used on input line 61.
(pdftex.def)             Requested size: 614.58406pt x 795.3441pt.
File: ordinal_analysis.pdf Graphic file (type pdf)
<use ordinal_analysis.pdf, page 5>
Package pdftex.def Info: ordinal_analysis.pdf , page5 used on input line 61.
(pdftex.def)             Requested size: 614.58406pt x 795.3441pt.


File: ordinal_analysis.pdf Graphic file (type pdf)
<use ordinal_analysis.pdf, page 5>
Package pdftex.def Info: ordinal_analysis.pdf , page5 used on input line 61.
(pdftex.def)             Requested size: 614.58406pt x 795.3441pt.
[5

 <./ordinal_analysis.pdf>]
<ordinal_analysis.pdf, id=78, page=6, 614.295pt x 794.97pt>
File: ordinal_analysis.pdf Graphic file (type pdf)
<use ordinal_analysis.pdf, page 6>
Package pdftex.def Info: ordinal_analysis.pdf , page6 used on input line 61.
(pdftex.def)             Requested size: 614.58406pt x 795.3441pt.
File: ordinal_analysis.pdf Graphic file (type pdf)
<use ordinal_analysis.pdf, page 6>
Package pdftex.def Info: ordinal_analysis.pdf , page6 used on input line 61.
(pdftex.def)             Requested size: 614.58406pt x 795.3441pt.


File: ordinal_analysis.pdf Graphic file (type pdf)
<use ordinal_analysis.pdf, page 6>
Package pdftex.def Info: ordinal_analysis.pdf , page6 used on input line 61.
(pdftex.def)             Requested size: 614.58406pt x 795.3441pt.
[6

 <./ordinal_analysis.pdf>]
<ordinal_analysis.pdf, id=82, page=7, 614.295pt x 794.97pt>
File: ordinal_analysis.pdf Graphic file (type pdf)
<use ordinal_analysis.pdf, page 7>
Package pdftex.def Info: ordinal_analysis.pdf , page7 used on input line 61.
(pdftex.def)             Requested size: 614.58406pt x 795.3441pt.
File: ordinal_analysis.pdf Graphic file (type pdf)
<use ordinal_analysis.pdf, page 7>
Package pdftex.def Info: ordinal_analysis.pdf , page7 used on input line 61.
(pdftex.def)             Requested size: 614.58406pt x 795.3441pt.


File: ordinal_analysis.pdf Graphic file (type pdf)
<use ordinal_analysis.pdf, page 7>
Package pdftex.def Info: ordinal_analysis.pdf , page7 used on input line 61.
(pdftex.def)             Requested size: 614.58406pt x 795.3441pt.
[7

 <./ordinal_analysis.pdf>]
<ordinal_analysis.pdf, id=90, page=8, 614.295pt x 794.97pt>
File: ordinal_analysis.pdf Graphic file (type pdf)
<use ordinal_analysis.pdf, page 8>
Package pdftex.def Info: ordinal_analysis.pdf , page8 used on input line 61.
(pdftex.def)             Requested size: 614.58406pt x 795.3441pt.
File: ordinal_analysis.pdf Graphic file (type pdf)
<use ordinal_analysis.pdf, page 8>
Package pdftex.def Info: ordinal_analysis.pdf , page8 used on input line 61.
(pdftex.def)             Requested size: 614.58406pt x 795.3441pt.


File: ordinal_analysis.pdf Graphic file (type pdf)
<use ordinal_analysis.pdf, page 8>
Package pdftex.def Info: ordinal_analysis.pdf , page8 used on input line 61.
(pdftex.def)             Requested size: 614.58406pt x 795.3441pt.
[8

 <./ordinal_analysis.pdf>]
<ordinal_analysis.pdf, id=97, page=9, 614.295pt x 794.97pt>
File: ordinal_analysis.pdf Graphic file (type pdf)
<use ordinal_analysis.pdf, page 9>
Package pdftex.def Info: ordinal_analysis.pdf , page9 used on input line 61.
(pdftex.def)             Requested size: 614.58406pt x 795.3441pt.
File: ordinal_analysis.pdf Graphic file (type pdf)
<use ordinal_analysis.pdf, page 9>
Package pdftex.def Info: ordinal_analysis.pdf , page9 used on input line 61.
(pdftex.def)             Requested size: 614.58406pt x 795.3441pt.


File: ordinal_analysis.pdf Graphic file (type pdf)
<use ordinal_analysis.pdf, page 9>
Package pdftex.def Info: ordinal_analysis.pdf , page9 used on input line 61.
(pdftex.def)             Requested size: 614.58406pt x 795.3441pt.
[9

 <./ordinal_analysis.pdf>]
<ordinal_analysis.pdf, id=101, page=10, 614.295pt x 794.97pt>
File: ordinal_analysis.pdf Graphic file (type pdf)
<use ordinal_analysis.pdf, page 10>
Package pdftex.def Info: ordinal_analysis.pdf , page10 used on input line 61.
(pdftex.def)             Requested size: 614.58406pt x 795.3441pt.
File: ordinal_analysis.pdf Graphic file (type pdf)
<use ordinal_analysis.pdf, page 10>
Package pdftex.def Info: ordinal_analysis.pdf , page10 used on input line 61.
(pdftex.def)             Requested size: 614.58406pt x 795.3441pt.


File: ordinal_analysis.pdf Graphic file (type pdf)
<use ordinal_analysis.pdf, page 10>
Package pdftex.def Info: ordinal_analysis.pdf , page10 used on input line 61.
(pdftex.def)             Requested size: 614.58406pt x 795.3441pt.
[10

 <./ordinal_analysis.pdf>]
<ordinal_analysis.pdf, id=108, page=11, 614.295pt x 794.97pt>
File: ordinal_analysis.pdf Graphic file (type pdf)
<use ordinal_analysis.pdf, page 11>
Package pdftex.def Info: ordinal_analysis.pdf , page11 used on input line 61.
(pdftex.def)             Requested size: 614.58406pt x 795.3441pt.
File: ordinal_analysis.pdf Graphic file (type pdf)
<use ordinal_analysis.pdf, page 11>
Package pdftex.def Info: ordinal_analysis.pdf , page11 used on input line 61.
(pdftex.def)             Requested size: 614.58406pt x 795.3441pt.


File: ordinal_analysis.pdf Graphic file (type pdf)
<use ordinal_analysis.pdf, page 11>
Package pdftex.def Info: ordinal_analysis.pdf , page11 used on input line 61.
(pdftex.def)             Requested size: 614.58406pt x 795.3441pt.
[11

 <./ordinal_analysis.pdf>]
<ordinal_analysis.pdf, id=112, page=12, 614.295pt x 794.97pt>
File: ordinal_analysis.pdf Graphic file (type pdf)
<use ordinal_analysis.pdf, page 12>
Package pdftex.def Info: ordinal_analysis.pdf , page12 used on input line 61.
(pdftex.def)             Requested size: 614.58406pt x 795.3441pt.
File: ordinal_analysis.pdf Graphic file (type pdf)
<use ordinal_analysis.pdf, page 12>
Package pdftex.def Info: ordinal_analysis.pdf , page12 used on input line 61.
(pdftex.def)             Requested size: 614.58406pt x 795.3441pt.


File: ordinal_analysis.pdf Graphic file (type pdf)
<use ordinal_analysis.pdf, page 12>
Package pdftex.def Info: ordinal_analysis.pdf , page12 used on input line 61.
(pdftex.def)             Requested size: 614.58406pt x 795.3441pt.
[12

 <./ordinal_analysis.pdf>]
<ordinal_analysis.pdf, id=122, page=13, 614.295pt x 794.97pt>
File: ordinal_analysis.pdf Graphic file (type pdf)
<use ordinal_analysis.pdf, page 13>
Package pdftex.def Info: ordinal_analysis.pdf , page13 used on input line 61.
(pdftex.def)             Requested size: 614.58406pt x 795.3441pt.
File: ordinal_analysis.pdf Graphic file (type pdf)
<use ordinal_analysis.pdf, page 13>
Package pdftex.def Info: ordinal_analysis.pdf , page13 used on input line 61.
(pdftex.def)             Requested size: 614.58406pt x 795.3441pt.


File: ordinal_analysis.pdf Graphic file (type pdf)
<use ordinal_analysis.pdf, page 13>
Package pdftex.def Info: ordinal_analysis.pdf , page13 used on input line 61.
(pdftex.def)             Requested size: 614.58406pt x 795.3441pt.
[13

 <./ordinal_analysis.pdf>]
<ordinal_analysis.pdf, id=133, page=14, 614.295pt x 794.97pt>
File: ordinal_analysis.pdf Graphic file (type pdf)
<use ordinal_analysis.pdf, page 14>
Package pdftex.def Info: ordinal_analysis.pdf , page14 used on input line 61.
(pdftex.def)             Requested size: 614.58406pt x 795.3441pt.
File: ordinal_analysis.pdf Graphic file (type pdf)
<use ordinal_analysis.pdf, page 14>
Package pdftex.def Info: ordinal_analysis.pdf , page14 used on input line 61.
(pdftex.def)             Requested size: 614.58406pt x 795.3441pt.


File: ordinal_analysis.pdf Graphic file (type pdf)
<use ordinal_analysis.pdf, page 14>
Package pdftex.def Info: ordinal_analysis.pdf , page14 used on input line 61.
(pdftex.def)             Requested size: 614.58406pt x 795.3441pt.
[14

 <./ordinal_analysis.pdf>]
<ordinal_analysis.pdf, id=137, page=15, 614.295pt x 794.97pt>
File: ordinal_analysis.pdf Graphic file (type pdf)
<use ordinal_analysis.pdf, page 15>
Package pdftex.def Info: ordinal_analysis.pdf , page15 used on input line 61.
(pdftex.def)             Requested size: 614.58406pt x 795.3441pt.
File: ordinal_analysis.pdf Graphic file (type pdf)
<use ordinal_analysis.pdf, page 15>
Package pdftex.def Info: ordinal_analysis.pdf , page15 used on input line 61.
(pdftex.def)             Requested size: 614.58406pt x 795.3441pt.


File: ordinal_analysis.pdf Graphic file (type pdf)
<use ordinal_analysis.pdf, page 15>
Package pdftex.def Info: ordinal_analysis.pdf , page15 used on input line 61.
(pdftex.def)             Requested size: 614.58406pt x 795.3441pt.
[15

 <./ordinal_analysis.pdf>]
<ordinal_analysis.pdf, id=141, page=16, 614.295pt x 794.97pt>
File: ordinal_analysis.pdf Graphic file (type pdf)
<use ordinal_analysis.pdf, page 16>
Package pdftex.def Info: ordinal_analysis.pdf , page16 used on input line 61.
(pdftex.def)             Requested size: 614.58406pt x 795.3441pt.
File: ordinal_analysis.pdf Graphic file (type pdf)
<use ordinal_analysis.pdf, page 16>
Package pdftex.def Info: ordinal_analysis.pdf , page16 used on input line 61.
(pdftex.def)             Requested size: 614.58406pt x 795.3441pt.


File: ordinal_analysis.pdf Graphic file (type pdf)
<use ordinal_analysis.pdf, page 16>
Package pdftex.def Info: ordinal_analysis.pdf , page16 used on input line 61.
(pdftex.def)             Requested size: 614.58406pt x 795.3441pt.
[16

 <./ordinal_analysis.pdf>]
<ordinal_analysis.pdf, id=148, page=17, 614.295pt x 794.97pt>
File: ordinal_analysis.pdf Graphic file (type pdf)
<use ordinal_analysis.pdf, page 17>
Package pdftex.def Info: ordinal_analysis.pdf , page17 used on input line 61.
(pdftex.def)             Requested size: 614.58406pt x 795.3441pt.
File: ordinal_analysis.pdf Graphic file (type pdf)
<use ordinal_analysis.pdf, page 17>
Package pdftex.def Info: ordinal_analysis.pdf , page17 used on input line 61.
(pdftex.def)             Requested size: 614.58406pt x 795.3441pt.


File: ordinal_analysis.pdf Graphic file (type pdf)
<use ordinal_analysis.pdf, page 17>
Package pdftex.def Info: ordinal_analysis.pdf , page17 used on input line 61.
(pdftex.def)             Requested size: 614.58406pt x 795.3441pt.
[17

 <./ordinal_analysis.pdf>]
<ordinal_analysis.pdf, id=152, page=18, 614.295pt x 794.97pt>
File: ordinal_analysis.pdf Graphic file (type pdf)
<use ordinal_analysis.pdf, page 18>
Package pdftex.def Info: ordinal_analysis.pdf , page18 used on input line 61.
(pdftex.def)             Requested size: 614.58406pt x 795.3441pt.
File: ordinal_analysis.pdf Graphic file (type pdf)
<use ordinal_analysis.pdf, page 18>
Package pdftex.def Info: ordinal_analysis.pdf , page18 used on input line 61.
(pdftex.def)             Requested size: 614.58406pt x 795.3441pt.


File: ordinal_analysis.pdf Graphic file (type pdf)
<use ordinal_analysis.pdf, page 18>
Package pdftex.def Info: ordinal_analysis.pdf , page18 used on input line 61.
(pdftex.def)             Requested size: 614.58406pt x 795.3441pt.
[18

 <./ordinal_analysis.pdf>]
<ordinal_analysis.pdf, id=156, page=19, 614.295pt x 794.97pt>
File: ordinal_analysis.pdf Graphic file (type pdf)
<use ordinal_analysis.pdf, page 19>
Package pdftex.def Info: ordinal_analysis.pdf , page19 used on input line 61.
(pdftex.def)             Requested size: 614.58406pt x 795.3441pt.
File: ordinal_analysis.pdf Graphic file (type pdf)
<use ordinal_analysis.pdf, page 19>
Package pdftex.def Info: ordinal_analysis.pdf , page19 used on input line 61.
(pdftex.def)             Requested size: 614.58406pt x 795.3441pt.


File: ordinal_analysis.pdf Graphic file (type pdf)
<use ordinal_analysis.pdf, page 19>
Package pdftex.def Info: ordinal_analysis.pdf , page19 used on input line 61.
(pdftex.def)             Requested size: 614.58406pt x 795.3441pt.
[19

 <./ordinal_analysis.pdf>]
<ordinal_analysis.pdf, id=161, page=20, 614.295pt x 794.97pt>
File: ordinal_analysis.pdf Graphic file (type pdf)
<use ordinal_analysis.pdf, page 20>
Package pdftex.def Info: ordinal_analysis.pdf , page20 used on input line 61.
(pdftex.def)             Requested size: 614.58406pt x 795.3441pt.
File: ordinal_analysis.pdf Graphic file (type pdf)
<use ordinal_analysis.pdf, page 20>
Package pdftex.def Info: ordinal_analysis.pdf , page20 used on input line 61.
(pdftex.def)             Requested size: 614.58406pt x 795.3441pt.


File: ordinal_analysis.pdf Graphic file (type pdf)
<use ordinal_analysis.pdf, page 20>
Package pdftex.def Info: ordinal_analysis.pdf , page20 used on input line 61.
(pdftex.def)             Requested size: 614.58406pt x 795.3441pt.
[20

 <./ordinal_analysis.pdf>]
<ordinal_analysis.pdf, id=165, page=21, 614.295pt x 794.97pt>
File: ordinal_analysis.pdf Graphic file (type pdf)
<use ordinal_analysis.pdf, page 21>
Package pdftex.def Info: ordinal_analysis.pdf , page21 used on input line 61.
(pdftex.def)             Requested size: 614.58406pt x 795.3441pt.
File: ordinal_analysis.pdf Graphic file (type pdf)
<use ordinal_analysis.pdf, page 21>
Package pdftex.def Info: ordinal_analysis.pdf , page21 used on input line 61.
(pdftex.def)             Requested size: 614.58406pt x 795.3441pt.


File: ordinal_analysis.pdf Graphic file (type pdf)
<use ordinal_analysis.pdf, page 21>
Package pdftex.def Info: ordinal_analysis.pdf , page21 used on input line 61.
(pdftex.def)             Requested size: 614.58406pt x 795.3441pt.
[21

 <./ordinal_analysis.pdf>]
<ordinal_analysis.pdf, id=169, page=22, 614.295pt x 794.97pt>
File: ordinal_analysis.pdf Graphic file (type pdf)
<use ordinal_analysis.pdf, page 22>
Package pdftex.def Info: ordinal_analysis.pdf , page22 used on input line 61.
(pdftex.def)             Requested size: 614.58406pt x 795.3441pt.
File: ordinal_analysis.pdf Graphic file (type pdf)
<use ordinal_analysis.pdf, page 22>
Package pdftex.def Info: ordinal_analysis.pdf , page22 used on input line 61.
(pdftex.def)             Requested size: 614.58406pt x 795.3441pt.


File: ordinal_analysis.pdf Graphic file (type pdf)
<use ordinal_analysis.pdf, page 22>
Package pdftex.def Info: ordinal_analysis.pdf , page22 used on input line 61.
(pdftex.def)             Requested size: 614.58406pt x 795.3441pt.
[22

 <./ordinal_analysis.pdf>]
<ordinal_analysis.pdf, id=173, page=23, 614.295pt x 794.97pt>
File: ordinal_analysis.pdf Graphic file (type pdf)
<use ordinal_analysis.pdf, page 23>
Package pdftex.def Info: ordinal_analysis.pdf , page23 used on input line 61.
(pdftex.def)             Requested size: 614.58406pt x 795.3441pt.
File: ordinal_analysis.pdf Graphic file (type pdf)
<use ordinal_analysis.pdf, page 23>
Package pdftex.def Info: ordinal_analysis.pdf , page23 used on input line 61.
(pdftex.def)             Requested size: 614.58406pt x 795.3441pt.


File: ordinal_analysis.pdf Graphic file (type pdf)
<use ordinal_analysis.pdf, page 23>
Package pdftex.def Info: ordinal_analysis.pdf , page23 used on input line 61.
(pdftex.def)             Requested size: 614.58406pt x 795.3441pt.
[23

 <./ordinal_analysis.pdf>]
<ordinal_analysis.pdf, id=177, page=24, 614.295pt x 794.97pt>
File: ordinal_analysis.pdf Graphic file (type pdf)
<use ordinal_analysis.pdf, page 24>
Package pdftex.def Info: ordinal_analysis.pdf , page24 used on input line 61.
(pdftex.def)             Requested size: 614.58406pt x 795.3441pt.
File: ordinal_analysis.pdf Graphic file (type pdf)
<use ordinal_analysis.pdf, page 24>
Package pdftex.def Info: ordinal_analysis.pdf , page24 used on input line 61.
(pdftex.def)             Requested size: 614.58406pt x 795.3441pt.


File: ordinal_analysis.pdf Graphic file (type pdf)
<use ordinal_analysis.pdf, page 24>
Package pdftex.def Info: ordinal_analysis.pdf , page24 used on input line 61.
(pdftex.def)             Requested size: 614.58406pt x 795.3441pt.
[24

 <./ordinal_analysis.pdf>]
<ordinal_analysis.pdf, id=181, page=25, 614.295pt x 794.97pt>
File: ordinal_analysis.pdf Graphic file (type pdf)
<use ordinal_analysis.pdf, page 25>
Package pdftex.def Info: ordinal_analysis.pdf , page25 used on input line 61.
(pdftex.def)             Requested size: 614.58406pt x 795.3441pt.
File: ordinal_analysis.pdf Graphic file (type pdf)
<use ordinal_analysis.pdf, page 25>
Package pdftex.def Info: ordinal_analysis.pdf , page25 used on input line 61.
(pdftex.def)             Requested size: 614.58406pt x 795.3441pt.


File: ordinal_analysis.pdf Graphic file (type pdf)
<use ordinal_analysis.pdf, page 25>
Package pdftex.def Info: ordinal_analysis.pdf , page25 used on input line 61.
(pdftex.def)             Requested size: 614.58406pt x 795.3441pt.
[25

 <./ordinal_analysis.pdf>]
<ordinal_analysis.pdf, id=189, page=26, 614.295pt x 794.97pt>
File: ordinal_analysis.pdf Graphic file (type pdf)
<use ordinal_analysis.pdf, page 26>
Package pdftex.def Info: ordinal_analysis.pdf , page26 used on input line 61.
(pdftex.def)             Requested size: 614.58406pt x 795.3441pt.
File: ordinal_analysis.pdf Graphic file (type pdf)
<use ordinal_analysis.pdf, page 26>
Package pdftex.def Info: ordinal_analysis.pdf , page26 used on input line 61.
(pdftex.def)             Requested size: 614.58406pt x 795.3441pt.


File: ordinal_analysis.pdf Graphic file (type pdf)
<use ordinal_analysis.pdf, page 26>
Package pdftex.def Info: ordinal_analysis.pdf , page26 used on input line 61.
(pdftex.def)             Requested size: 614.58406pt x 795.3441pt.
[26

 <./ordinal_analysis.pdf>]
<ordinal_analysis.pdf, id=193, page=27, 614.295pt x 794.97pt>
File: ordinal_analysis.pdf Graphic file (type pdf)
<use ordinal_analysis.pdf, page 27>
Package pdftex.def Info: ordinal_analysis.pdf , page27 used on input line 61.
(pdftex.def)             Requested size: 614.58406pt x 795.3441pt.
File: ordinal_analysis.pdf Graphic file (type pdf)
<use ordinal_analysis.pdf, page 27>
Package pdftex.def Info: ordinal_analysis.pdf , page27 used on input line 61.
(pdftex.def)             Requested size: 614.58406pt x 795.3441pt.


File: ordinal_analysis.pdf Graphic file (type pdf)
<use ordinal_analysis.pdf, page 27>
Package pdftex.def Info: ordinal_analysis.pdf , page27 used on input line 61.
(pdftex.def)             Requested size: 614.58406pt x 795.3441pt.
[27

 <./ordinal_analysis.pdf>]
<ordinal_analysis.pdf, id=197, page=28, 614.295pt x 794.97pt>
File: ordinal_analysis.pdf Graphic file (type pdf)
<use ordinal_analysis.pdf, page 28>
Package pdftex.def Info: ordinal_analysis.pdf , page28 used on input line 61.
(pdftex.def)             Requested size: 614.58406pt x 795.3441pt.
File: ordinal_analysis.pdf Graphic file (type pdf)
<use ordinal_analysis.pdf, page 28>
Package pdftex.def Info: ordinal_analysis.pdf , page28 used on input line 61.
(pdftex.def)             Requested size: 614.58406pt x 795.3441pt.


File: ordinal_analysis.pdf Graphic file (type pdf)
<use ordinal_analysis.pdf, page 28>
Package pdftex.def Info: ordinal_analysis.pdf , page28 used on input line 61.
(pdftex.def)             Requested size: 614.58406pt x 795.3441pt.
[28

 <./ordinal_analysis.pdf>]
<ordinal_analysis.pdf, id=201, page=29, 614.295pt x 794.97pt>
File: ordinal_analysis.pdf Graphic file (type pdf)
<use ordinal_analysis.pdf, page 29>
Package pdftex.def Info: ordinal_analysis.pdf , page29 used on input line 61.
(pdftex.def)             Requested size: 614.58406pt x 795.3441pt.
File: ordinal_analysis.pdf Graphic file (type pdf)
<use ordinal_analysis.pdf, page 29>
Package pdftex.def Info: ordinal_analysis.pdf , page29 used on input line 61.
(pdftex.def)             Requested size: 614.58406pt x 795.3441pt.


File: ordinal_analysis.pdf Graphic file (type pdf)
<use ordinal_analysis.pdf, page 29>
Package pdftex.def Info: ordinal_analysis.pdf , page29 used on input line 61.
(pdftex.def)             Requested size: 614.58406pt x 795.3441pt.
[29

 <./ordinal_analysis.pdf>]
<ordinal_analysis.pdf, id=205, page=30, 614.295pt x 794.97pt>
File: ordinal_analysis.pdf Graphic file (type pdf)
<use ordinal_analysis.pdf, page 30>
Package pdftex.def Info: ordinal_analysis.pdf , page30 used on input line 61.
(pdftex.def)             Requested size: 614.58406pt x 795.3441pt.
File: ordinal_analysis.pdf Graphic file (type pdf)
<use ordinal_analysis.pdf, page 30>
Package pdftex.def Info: ordinal_analysis.pdf , page30 used on input line 61.
(pdftex.def)             Requested size: 614.58406pt x 795.3441pt.


File: ordinal_analysis.pdf Graphic file (type pdf)
<use ordinal_analysis.pdf, page 30>
Package pdftex.def Info: ordinal_analysis.pdf , page30 used on input line 61.
(pdftex.def)             Requested size: 614.58406pt x 795.3441pt.
[30

 <./ordinal_analysis.pdf>]
<ordinal_analysis.pdf, id=209, page=31, 614.295pt x 794.97pt>
File: ordinal_analysis.pdf Graphic file (type pdf)
<use ordinal_analysis.pdf, page 31>
Package pdftex.def Info: ordinal_analysis.pdf , page31 used on input line 61.
(pdftex.def)             Requested size: 614.58406pt x 795.3441pt.
File: ordinal_analysis.pdf Graphic file (type pdf)
<use ordinal_analysis.pdf, page 31>
Package pdftex.def Info: ordinal_analysis.pdf , page31 used on input line 61.
(pdftex.def)             Requested size: 614.58406pt x 795.3441pt.


File: ordinal_analysis.pdf Graphic file (type pdf)
<use ordinal_analysis.pdf, page 31>
Package pdftex.def Info: ordinal_analysis.pdf , page31 used on input line 61.
(pdftex.def)             Requested size: 614.58406pt x 795.3441pt.
[31

 <./ordinal_analysis.pdf>]
<ordinal_analysis.pdf, id=214, page=32, 614.295pt x 794.97pt>
File: ordinal_analysis.pdf Graphic file (type pdf)
<use ordinal_analysis.pdf, page 32>
Package pdftex.def Info: ordinal_analysis.pdf , page32 used on input line 61.
(pdftex.def)             Requested size: 614.58406pt x 795.3441pt.
File: ordinal_analysis.pdf Graphic file (type pdf)
<use ordinal_analysis.pdf, page 32>
Package pdftex.def Info: ordinal_analysis.pdf , page32 used on input line 61.
(pdftex.def)             Requested size: 614.58406pt x 795.3441pt.


File: ordinal_analysis.pdf Graphic file (type pdf)
<use ordinal_analysis.pdf, page 32>
Package pdftex.def Info: ordinal_analysis.pdf , page32 used on input line 61.
(pdftex.def)             Requested size: 614.58406pt x 795.3441pt.
[32

 <./ordinal_analysis.pdf>]
<ordinal_analysis.pdf, id=219, page=33, 614.295pt x 794.97pt>
File: ordinal_analysis.pdf Graphic file (type pdf)
<use ordinal_analysis.pdf, page 33>
Package pdftex.def Info: ordinal_analysis.pdf , page33 used on input line 61.
(pdftex.def)             Requested size: 614.58406pt x 795.3441pt.
File: ordinal_analysis.pdf Graphic file (type pdf)
<use ordinal_analysis.pdf, page 33>
Package pdftex.def Info: ordinal_analysis.pdf , page33 used on input line 61.
(pdftex.def)             Requested size: 614.58406pt x 795.3441pt.


File: ordinal_analysis.pdf Graphic file (type pdf)
<use ordinal_analysis.pdf, page 33>
Package pdftex.def Info: ordinal_analysis.pdf , page33 used on input line 61.
(pdftex.def)             Requested size: 614.58406pt x 795.3441pt.
[33

 <./ordinal_analysis.pdf>]
<ordinal_analysis.pdf, id=223, page=34, 614.295pt x 794.97pt>
File: ordinal_analysis.pdf Graphic file (type pdf)
<use ordinal_analysis.pdf, page 34>
Package pdftex.def Info: ordinal_analysis.pdf , page34 used on input line 61.
(pdftex.def)             Requested size: 614.58406pt x 795.3441pt.
File: ordinal_analysis.pdf Graphic file (type pdf)
<use ordinal_analysis.pdf, page 34>
Package pdftex.def Info: ordinal_analysis.pdf , page34 used on input line 61.
(pdftex.def)             Requested size: 614.58406pt x 795.3441pt.


File: ordinal_analysis.pdf Graphic file (type pdf)
<use ordinal_analysis.pdf, page 34>
Package pdftex.def Info: ordinal_analysis.pdf , page34 used on input line 61.
(pdftex.def)             Requested size: 614.58406pt x 795.3441pt.
[34

 <./ordinal_analysis.pdf>]
<ordinal_analysis.pdf, id=227, page=35, 614.295pt x 794.97pt>
File: ordinal_analysis.pdf Graphic file (type pdf)
<use ordinal_analysis.pdf, page 35>
Package pdftex.def Info: ordinal_analysis.pdf , page35 used on input line 61.
(pdftex.def)             Requested size: 614.58406pt x 795.3441pt.
File: ordinal_analysis.pdf Graphic file (type pdf)
<use ordinal_analysis.pdf, page 35>
Package pdftex.def Info: ordinal_analysis.pdf , page35 used on input line 61.
(pdftex.def)             Requested size: 614.58406pt x 795.3441pt.


File: ordinal_analysis.pdf Graphic file (type pdf)
<use ordinal_analysis.pdf, page 35>
Package pdftex.def Info: ordinal_analysis.pdf , page35 used on input line 61.
(pdftex.def)             Requested size: 614.58406pt x 795.3441pt.
[35

 <./ordinal_analysis.pdf>]
<ordinal_analysis.pdf, id=232, page=36, 614.295pt x 794.97pt>
File: ordinal_analysis.pdf Graphic file (type pdf)
<use ordinal_analysis.pdf, page 36>
Package pdftex.def Info: ordinal_analysis.pdf , page36 used on input line 61.
(pdftex.def)             Requested size: 614.58406pt x 795.3441pt.
File: ordinal_analysis.pdf Graphic file (type pdf)
<use ordinal_analysis.pdf, page 36>
Package pdftex.def Info: ordinal_analysis.pdf , page36 used on input line 61.
(pdftex.def)             Requested size: 614.58406pt x 795.3441pt.


File: ordinal_analysis.pdf Graphic file (type pdf)
<use ordinal_analysis.pdf, page 36>
Package pdftex.def Info: ordinal_analysis.pdf , page36 used on input line 61.
(pdftex.def)             Requested size: 614.58406pt x 795.3441pt.
[36

 <./ordinal_analysis.pdf>]
<ordinal_analysis.pdf, id=236, page=37, 614.295pt x 794.97pt>
File: ordinal_analysis.pdf Graphic file (type pdf)
<use ordinal_analysis.pdf, page 37>
Package pdftex.def Info: ordinal_analysis.pdf , page37 used on input line 61.
(pdftex.def)             Requested size: 614.58406pt x 795.3441pt.
File: ordinal_analysis.pdf Graphic file (type pdf)
<use ordinal_analysis.pdf, page 37>
Package pdftex.def Info: ordinal_analysis.pdf , page37 used on input line 61.
(pdftex.def)             Requested size: 614.58406pt x 795.3441pt.


File: ordinal_analysis.pdf Graphic file (type pdf)
<use ordinal_analysis.pdf, page 37>
Package pdftex.def Info: ordinal_analysis.pdf , page37 used on input line 61.
(pdftex.def)             Requested size: 614.58406pt x 795.3441pt.
[37

 <./ordinal_analysis.pdf>]
<ordinal_analysis.pdf, id=242, page=38, 614.295pt x 794.97pt>
File: ordinal_analysis.pdf Graphic file (type pdf)
<use ordinal_analysis.pdf, page 38>
Package pdftex.def Info: ordinal_analysis.pdf , page38 used on input line 61.
(pdftex.def)             Requested size: 614.58406pt x 795.3441pt.
File: ordinal_analysis.pdf Graphic file (type pdf)
<use ordinal_analysis.pdf, page 38>
Package pdftex.def Info: ordinal_analysis.pdf , page38 used on input line 61.
(pdftex.def)             Requested size: 614.58406pt x 795.3441pt.


File: ordinal_analysis.pdf Graphic file (type pdf)
<use ordinal_analysis.pdf, page 38>
Package pdftex.def Info: ordinal_analysis.pdf , page38 used on input line 61.
(pdftex.def)             Requested size: 614.58406pt x 795.3441pt.
[38

 <./ordinal_analysis.pdf>]
<ordinal_analysis.pdf, id=247, page=39, 614.295pt x 794.97pt>
File: ordinal_analysis.pdf Graphic file (type pdf)
<use ordinal_analysis.pdf, page 39>
Package pdftex.def Info: ordinal_analysis.pdf , page39 used on input line 61.
(pdftex.def)             Requested size: 614.58406pt x 795.3441pt.
File: ordinal_analysis.pdf Graphic file (type pdf)
<use ordinal_analysis.pdf, page 39>
Package pdftex.def Info: ordinal_analysis.pdf , page39 used on input line 61.
(pdftex.def)             Requested size: 614.58406pt x 795.3441pt.


File: ordinal_analysis.pdf Graphic file (type pdf)
<use ordinal_analysis.pdf, page 39>
Package pdftex.def Info: ordinal_analysis.pdf , page39 used on input line 61.
(pdftex.def)             Requested size: 614.58406pt x 795.3441pt.
[39

 <./ordinal_analysis.pdf>]
<ordinal_analysis.pdf, id=252, page=40, 614.295pt x 794.97pt>
File: ordinal_analysis.pdf Graphic file (type pdf)
<use ordinal_analysis.pdf, page 40>
Package pdftex.def Info: ordinal_analysis.pdf , page40 used on input line 61.
(pdftex.def)             Requested size: 614.58406pt x 795.3441pt.
File: ordinal_analysis.pdf Graphic file (type pdf)
<use ordinal_analysis.pdf, page 40>
Package pdftex.def Info: ordinal_analysis.pdf , page40 used on input line 61.
(pdftex.def)             Requested size: 614.58406pt x 795.3441pt.


File: ordinal_analysis.pdf Graphic file (type pdf)
<use ordinal_analysis.pdf, page 40>
Package pdftex.def Info: ordinal_analysis.pdf , page40 used on input line 61.
(pdftex.def)             Requested size: 614.58406pt x 795.3441pt.
[40

 <./ordinal_analysis.pdf>]
<ordinal_analysis.pdf, id=256, page=41, 614.295pt x 794.97pt>
File: ordinal_analysis.pdf Graphic file (type pdf)
<use ordinal_analysis.pdf, page 41>
Package pdftex.def Info: ordinal_analysis.pdf , page41 used on input line 61.
(pdftex.def)             Requested size: 614.58406pt x 795.3441pt.
File: ordinal_analysis.pdf Graphic file (type pdf)
<use ordinal_analysis.pdf, page 41>
Package pdftex.def Info: ordinal_analysis.pdf , page41 used on input line 61.
(pdftex.def)             Requested size: 614.58406pt x 795.3441pt.


File: ordinal_analysis.pdf Graphic file (type pdf)
<use ordinal_analysis.pdf, page 41>
Package pdftex.def Info: ordinal_analysis.pdf , page41 used on input line 61.
(pdftex.def)             Requested size: 614.58406pt x 795.3441pt.
[41

 <./ordinal_analysis.pdf>]
<ordinal_analysis.pdf, id=260, page=42, 614.295pt x 794.97pt>
File: ordinal_analysis.pdf Graphic file (type pdf)
<use ordinal_analysis.pdf, page 42>
Package pdftex.def Info: ordinal_analysis.pdf , page42 used on input line 61.
(pdftex.def)             Requested size: 614.58406pt x 795.3441pt.
File: ordinal_analysis.pdf Graphic file (type pdf)
<use ordinal_analysis.pdf, page 42>
Package pdftex.def Info: ordinal_analysis.pdf , page42 used on input line 61.
(pdftex.def)             Requested size: 614.58406pt x 795.3441pt.


File: ordinal_analysis.pdf Graphic file (type pdf)
<use ordinal_analysis.pdf, page 42>
Package pdftex.def Info: ordinal_analysis.pdf , page42 used on input line 61.
(pdftex.def)             Requested size: 614.58406pt x 795.3441pt.
[42

 <./ordinal_analysis.pdf>]
<ordinal_analysis.pdf, id=264, page=43, 614.295pt x 794.97pt>
File: ordinal_analysis.pdf Graphic file (type pdf)
<use ordinal_analysis.pdf, page 43>
Package pdftex.def Info: ordinal_analysis.pdf , page43 used on input line 61.
(pdftex.def)             Requested size: 614.58406pt x 795.3441pt.
File: ordinal_analysis.pdf Graphic file (type pdf)
<use ordinal_analysis.pdf, page 43>
Package pdftex.def Info: ordinal_analysis.pdf , page43 used on input line 61.
(pdftex.def)             Requested size: 614.58406pt x 795.3441pt.


File: ordinal_analysis.pdf Graphic file (type pdf)
<use ordinal_analysis.pdf, page 43>
Package pdftex.def Info: ordinal_analysis.pdf , page43 used on input line 61.
(pdftex.def)             Requested size: 614.58406pt x 795.3441pt.
[43

 <./ordinal_analysis.pdf>]
<ordinal_analysis.pdf, id=269, page=44, 614.295pt x 794.97pt>
File: ordinal_analysis.pdf Graphic file (type pdf)
<use ordinal_analysis.pdf, page 44>
Package pdftex.def Info: ordinal_analysis.pdf , page44 used on input line 61.
(pdftex.def)             Requested size: 614.58406pt x 795.3441pt.
File: ordinal_analysis.pdf Graphic file (type pdf)
<use ordinal_analysis.pdf, page 44>
Package pdftex.def Info: ordinal_analysis.pdf , page44 used on input line 61.
(pdftex.def)             Requested size: 614.58406pt x 795.3441pt.


File: ordinal_analysis.pdf Graphic file (type pdf)
<use ordinal_analysis.pdf, page 44>
Package pdftex.def Info: ordinal_analysis.pdf , page44 used on input line 61.
(pdftex.def)             Requested size: 614.58406pt x 795.3441pt.
[44

 <./ordinal_analysis.pdf>]
<ordinal_analysis.pdf, id=273, page=45, 614.295pt x 794.97pt>
File: ordinal_analysis.pdf Graphic file (type pdf)
<use ordinal_analysis.pdf, page 45>
Package pdftex.def Info: ordinal_analysis.pdf , page45 used on input line 61.
(pdftex.def)             Requested size: 614.58406pt x 795.3441pt.
File: ordinal_analysis.pdf Graphic file (type pdf)
<use ordinal_analysis.pdf, page 45>
Package pdftex.def Info: ordinal_analysis.pdf , page45 used on input line 61.
(pdftex.def)             Requested size: 614.58406pt x 795.3441pt.


File: ordinal_analysis.pdf Graphic file (type pdf)
<use ordinal_analysis.pdf, page 45>
Package pdftex.def Info: ordinal_analysis.pdf , page45 used on input line 61.
(pdftex.def)             Requested size: 614.58406pt x 795.3441pt.
[45

 <./ordinal_analysis.pdf>]
<ordinal_analysis.pdf, id=277, page=46, 614.295pt x 794.97pt>
File: ordinal_analysis.pdf Graphic file (type pdf)
<use ordinal_analysis.pdf, page 46>
Package pdftex.def Info: ordinal_analysis.pdf , page46 used on input line 61.
(pdftex.def)             Requested size: 614.58406pt x 795.3441pt.
File: ordinal_analysis.pdf Graphic file (type pdf)
<use ordinal_analysis.pdf, page 46>
Package pdftex.def Info: ordinal_analysis.pdf , page46 used on input line 61.
(pdftex.def)             Requested size: 614.58406pt x 795.3441pt.


File: ordinal_analysis.pdf Graphic file (type pdf)
<use ordinal_analysis.pdf, page 46>
Package pdftex.def Info: ordinal_analysis.pdf , page46 used on input line 61.
(pdftex.def)             Requested size: 614.58406pt x 795.3441pt.
[46

 <./ordinal_analysis.pdf>]
<ordinal_analysis.pdf, id=281, page=47, 614.295pt x 794.97pt>
File: ordinal_analysis.pdf Graphic file (type pdf)
<use ordinal_analysis.pdf, page 47>
Package pdftex.def Info: ordinal_analysis.pdf , page47 used on input line 61.
(pdftex.def)             Requested size: 614.58406pt x 795.3441pt.
File: ordinal_analysis.pdf Graphic file (type pdf)
<use ordinal_analysis.pdf, page 47>
Package pdftex.def Info: ordinal_analysis.pdf , page47 used on input line 61.
(pdftex.def)             Requested size: 614.58406pt x 795.3441pt.


File: ordinal_analysis.pdf Graphic file (type pdf)
<use ordinal_analysis.pdf, page 47>
Package pdftex.def Info: ordinal_analysis.pdf , page47 used on input line 61.
(pdftex.def)             Requested size: 614.58406pt x 795.3441pt.
[47

 <./ordinal_analysis.pdf>]
<ordinal_analysis.pdf, id=285, page=48, 614.295pt x 794.97pt>
File: ordinal_analysis.pdf Graphic file (type pdf)
<use ordinal_analysis.pdf, page 48>
Package pdftex.def Info: ordinal_analysis.pdf , page48 used on input line 61.
(pdftex.def)             Requested size: 614.58406pt x 795.3441pt.
File: ordinal_analysis.pdf Graphic file (type pdf)
<use ordinal_analysis.pdf, page 48>
Package pdftex.def Info: ordinal_analysis.pdf , page48 used on input line 61.
(pdftex.def)             Requested size: 614.58406pt x 795.3441pt.


File: ordinal_analysis.pdf Graphic file (type pdf)
<use ordinal_analysis.pdf, page 48>
Package pdftex.def Info: ordinal_analysis.pdf , page48 used on input line 61.
(pdftex.def)             Requested size: 614.58406pt x 795.3441pt.
[48

 <./ordinal_analysis.pdf>]
<ordinal_analysis.pdf, id=290, page=49, 614.295pt x 794.97pt>
File: ordinal_analysis.pdf Graphic file (type pdf)
<use ordinal_analysis.pdf, page 49>
Package pdftex.def Info: ordinal_analysis.pdf , page49 used on input line 61.
(pdftex.def)             Requested size: 614.58406pt x 795.3441pt.
File: ordinal_analysis.pdf Graphic file (type pdf)
<use ordinal_analysis.pdf, page 49>
Package pdftex.def Info: ordinal_analysis.pdf , page49 used on input line 61.
(pdftex.def)             Requested size: 614.58406pt x 795.3441pt.


File: ordinal_analysis.pdf Graphic file (type pdf)
<use ordinal_analysis.pdf, page 49>
Package pdftex.def Info: ordinal_analysis.pdf , page49 used on input line 61.
(pdftex.def)             Requested size: 614.58406pt x 795.3441pt.
[49

 <./ordinal_analysis.pdf>]
<ordinal_analysis.pdf, id=295, page=50, 614.295pt x 794.97pt>
File: ordinal_analysis.pdf Graphic file (type pdf)
<use ordinal_analysis.pdf, page 50>
Package pdftex.def Info: ordinal_analysis.pdf , page50 used on input line 61.
(pdftex.def)             Requested size: 614.58406pt x 795.3441pt.
File: ordinal_analysis.pdf Graphic file (type pdf)
<use ordinal_analysis.pdf, page 50>
Package pdftex.def Info: ordinal_analysis.pdf , page50 used on input line 61.
(pdftex.def)             Requested size: 614.58406pt x 795.3441pt.


File: ordinal_analysis.pdf Graphic file (type pdf)
<use ordinal_analysis.pdf, page 50>
Package pdftex.def Info: ordinal_analysis.pdf , page50 used on input line 61.
(pdftex.def)             Requested size: 614.58406pt x 795.3441pt.
[50

 <./ordinal_analysis.pdf>]
<ordinal_analysis.pdf, id=300, page=51, 614.295pt x 794.97pt>
File: ordinal_analysis.pdf Graphic file (type pdf)
<use ordinal_analysis.pdf, page 51>
Package pdftex.def Info: ordinal_analysis.pdf , page51 used on input line 61.
(pdftex.def)             Requested size: 614.58406pt x 795.3441pt.
File: ordinal_analysis.pdf Graphic file (type pdf)
<use ordinal_analysis.pdf, page 51>
Package pdftex.def Info: ordinal_analysis.pdf , page51 used on input line 61.
(pdftex.def)             Requested size: 614.58406pt x 795.3441pt.


File: ordinal_analysis.pdf Graphic file (type pdf)
<use ordinal_analysis.pdf, page 51>
Package pdftex.def Info: ordinal_analysis.pdf , page51 used on input line 61.
(pdftex.def)             Requested size: 614.58406pt x 795.3441pt.
[51

 <./ordinal_analysis.pdf>]
<ordinal_analysis.pdf, id=305, page=52, 614.295pt x 794.97pt>
File: ordinal_analysis.pdf Graphic file (type pdf)
<use ordinal_analysis.pdf, page 52>
Package pdftex.def Info: ordinal_analysis.pdf , page52 used on input line 61.
(pdftex.def)             Requested size: 614.58406pt x 795.3441pt.
File: ordinal_analysis.pdf Graphic file (type pdf)
<use ordinal_analysis.pdf, page 52>
Package pdftex.def Info: ordinal_analysis.pdf , page52 used on input line 61.
(pdftex.def)             Requested size: 614.58406pt x 795.3441pt.


File: ordinal_analysis.pdf Graphic file (type pdf)
<use ordinal_analysis.pdf, page 52>
Package pdftex.def Info: ordinal_analysis.pdf , page52 used on input line 61.
(pdftex.def)             Requested size: 614.58406pt x 795.3441pt.
[52

 <./ordinal_analysis.pdf>]
<ordinal_analysis.pdf, id=310, page=53, 614.295pt x 794.97pt>
File: ordinal_analysis.pdf Graphic file (type pdf)
<use ordinal_analysis.pdf, page 53>
Package pdftex.def Info: ordinal_analysis.pdf , page53 used on input line 61.
(pdftex.def)             Requested size: 614.58406pt x 795.3441pt.
File: ordinal_analysis.pdf Graphic file (type pdf)
<use ordinal_analysis.pdf, page 53>
Package pdftex.def Info: ordinal_analysis.pdf , page53 used on input line 61.
(pdftex.def)             Requested size: 614.58406pt x 795.3441pt.


File: ordinal_analysis.pdf Graphic file (type pdf)
<use ordinal_analysis.pdf, page 53>
Package pdftex.def Info: ordinal_analysis.pdf , page53 used on input line 61.
(pdftex.def)             Requested size: 614.58406pt x 795.3441pt.
[53

 <./ordinal_analysis.pdf>]
<ordinal_analysis.pdf, id=314, page=54, 614.295pt x 794.97pt>
File: ordinal_analysis.pdf Graphic file (type pdf)
<use ordinal_analysis.pdf, page 54>
Package pdftex.def Info: ordinal_analysis.pdf , page54 used on input line 61.
(pdftex.def)             Requested size: 614.58406pt x 795.3441pt.
File: ordinal_analysis.pdf Graphic file (type pdf)
<use ordinal_analysis.pdf, page 54>
Package pdftex.def Info: ordinal_analysis.pdf , page54 used on input line 61.
(pdftex.def)             Requested size: 614.58406pt x 795.3441pt.


File: ordinal_analysis.pdf Graphic file (type pdf)
<use ordinal_analysis.pdf, page 54>
Package pdftex.def Info: ordinal_analysis.pdf , page54 used on input line 61.
(pdftex.def)             Requested size: 614.58406pt x 795.3441pt.
[54

 <./ordinal_analysis.pdf>]
<ordinal_analysis.pdf, id=318, page=55, 614.295pt x 794.97pt>
File: ordinal_analysis.pdf Graphic file (type pdf)
<use ordinal_analysis.pdf, page 55>
Package pdftex.def Info: ordinal_analysis.pdf , page55 used on input line 61.
(pdftex.def)             Requested size: 614.58406pt x 795.3441pt.
File: ordinal_analysis.pdf Graphic file (type pdf)
<use ordinal_analysis.pdf, page 55>
Package pdftex.def Info: ordinal_analysis.pdf , page55 used on input line 61.
(pdftex.def)             Requested size: 614.58406pt x 795.3441pt.


File: ordinal_analysis.pdf Graphic file (type pdf)
<use ordinal_analysis.pdf, page 55>
Package pdftex.def Info: ordinal_analysis.pdf , page55 used on input line 61.
(pdftex.def)             Requested size: 614.58406pt x 795.3441pt.
[55

 <./ordinal_analysis.pdf>]
<ordinal_analysis.pdf, id=323, page=56, 614.295pt x 794.97pt>
File: ordinal_analysis.pdf Graphic file (type pdf)
<use ordinal_analysis.pdf, page 56>
Package pdftex.def Info: ordinal_analysis.pdf , page56 used on input line 61.
(pdftex.def)             Requested size: 614.58406pt x 795.3441pt.
File: ordinal_analysis.pdf Graphic file (type pdf)
<use ordinal_analysis.pdf, page 56>
Package pdftex.def Info: ordinal_analysis.pdf , page56 used on input line 61.
(pdftex.def)             Requested size: 614.58406pt x 795.3441pt.


File: ordinal_analysis.pdf Graphic file (type pdf)
<use ordinal_analysis.pdf, page 56>
Package pdftex.def Info: ordinal_analysis.pdf , page56 used on input line 61.
(pdftex.def)             Requested size: 614.58406pt x 795.3441pt.
[56

 <./ordinal_analysis.pdf>]
<ordinal_analysis.pdf, id=327, page=57, 614.295pt x 794.97pt>
File: ordinal_analysis.pdf Graphic file (type pdf)
<use ordinal_analysis.pdf, page 57>
Package pdftex.def Info: ordinal_analysis.pdf , page57 used on input line 61.
(pdftex.def)             Requested size: 614.58406pt x 795.3441pt.
File: ordinal_analysis.pdf Graphic file (type pdf)
<use ordinal_analysis.pdf, page 57>
Package pdftex.def Info: ordinal_analysis.pdf , page57 used on input line 61.
(pdftex.def)             Requested size: 614.58406pt x 795.3441pt.


File: ordinal_analysis.pdf Graphic file (type pdf)
<use ordinal_analysis.pdf, page 57>
Package pdftex.def Info: ordinal_analysis.pdf , page57 used on input line 61.
(pdftex.def)             Requested size: 614.58406pt x 795.3441pt.
[57

 <./ordinal_analysis.pdf>]
<ordinal_analysis.pdf, id=331, page=58, 614.295pt x 794.97pt>
File: ordinal_analysis.pdf Graphic file (type pdf)
<use ordinal_analysis.pdf, page 58>
Package pdftex.def Info: ordinal_analysis.pdf , page58 used on input line 61.
(pdftex.def)             Requested size: 614.58406pt x 795.3441pt.
File: ordinal_analysis.pdf Graphic file (type pdf)
<use ordinal_analysis.pdf, page 58>
Package pdftex.def Info: ordinal_analysis.pdf , page58 used on input line 61.
(pdftex.def)             Requested size: 614.58406pt x 795.3441pt.


File: ordinal_analysis.pdf Graphic file (type pdf)
<use ordinal_analysis.pdf, page 58>
Package pdftex.def Info: ordinal_analysis.pdf , page58 used on input line 61.
(pdftex.def)             Requested size: 614.58406pt x 795.3441pt.
[58

 <./ordinal_analysis.pdf>]
<ordinal_analysis.pdf, id=335, page=59, 614.295pt x 794.97pt>
File: ordinal_analysis.pdf Graphic file (type pdf)
<use ordinal_analysis.pdf, page 59>
Package pdftex.def Info: ordinal_analysis.pdf , page59 used on input line 61.
(pdftex.def)             Requested size: 614.58406pt x 795.3441pt.
File: ordinal_analysis.pdf Graphic file (type pdf)
<use ordinal_analysis.pdf, page 59>
Package pdftex.def Info: ordinal_analysis.pdf , page59 used on input line 61.
(pdftex.def)             Requested size: 614.58406pt x 795.3441pt.


File: ordinal_analysis.pdf Graphic file (type pdf)
<use ordinal_analysis.pdf, page 59>
Package pdftex.def Info: ordinal_analysis.pdf , page59 used on input line 61.
(pdftex.def)             Requested size: 614.58406pt x 795.3441pt.
[59

 <./ordinal_analysis.pdf>]
<ordinal_analysis.pdf, id=339, page=60, 614.295pt x 794.97pt>
File: ordinal_analysis.pdf Graphic file (type pdf)
<use ordinal_analysis.pdf, page 60>
Package pdftex.def Info: ordinal_analysis.pdf , page60 used on input line 61.
(pdftex.def)             Requested size: 614.58406pt x 795.3441pt.
File: ordinal_analysis.pdf Graphic file (type pdf)
<use ordinal_analysis.pdf, page 60>
Package pdftex.def Info: ordinal_analysis.pdf , page60 used on input line 61.
(pdftex.def)             Requested size: 614.58406pt x 795.3441pt.


File: ordinal_analysis.pdf Graphic file (type pdf)
<use ordinal_analysis.pdf, page 60>
Package pdftex.def Info: ordinal_analysis.pdf , page60 used on input line 61.
(pdftex.def)             Requested size: 614.58406pt x 795.3441pt.
[60

 <./ordinal_analysis.pdf>]
<ordinal_analysis.pdf, id=343, page=61, 614.295pt x 794.97pt>
File: ordinal_analysis.pdf Graphic file (type pdf)
<use ordinal_analysis.pdf, page 61>
Package pdftex.def Info: ordinal_analysis.pdf , page61 used on input line 61.
(pdftex.def)             Requested size: 614.58406pt x 795.3441pt.
File: ordinal_analysis.pdf Graphic file (type pdf)
<use ordinal_analysis.pdf, page 61>
Package pdftex.def Info: ordinal_analysis.pdf , page61 used on input line 61.
(pdftex.def)             Requested size: 614.58406pt x 795.3441pt.


File: ordinal_analysis.pdf Graphic file (type pdf)
<use ordinal_analysis.pdf, page 61>
Package pdftex.def Info: ordinal_analysis.pdf , page61 used on input line 61.
(pdftex.def)             Requested size: 614.58406pt x 795.3441pt.
[61

 <./ordinal_analysis.pdf>]
<ordinal_analysis.pdf, id=349, page=62, 614.295pt x 794.97pt>
File: ordinal_analysis.pdf Graphic file (type pdf)
<use ordinal_analysis.pdf, page 62>
Package pdftex.def Info: ordinal_analysis.pdf , page62 used on input line 61.
(pdftex.def)             Requested size: 614.58406pt x 795.3441pt.
File: ordinal_analysis.pdf Graphic file (type pdf)
<use ordinal_analysis.pdf, page 62>
Package pdftex.def Info: ordinal_analysis.pdf , page62 used on input line 61.
(pdftex.def)             Requested size: 614.58406pt x 795.3441pt.


File: ordinal_analysis.pdf Graphic file (type pdf)
<use ordinal_analysis.pdf, page 62>
Package pdftex.def Info: ordinal_analysis.pdf , page62 used on input line 61.
(pdftex.def)             Requested size: 614.58406pt x 795.3441pt.
[62

 <./ordinal_analysis.pdf>]
<ordinal_analysis.pdf, id=353, page=63, 614.295pt x 794.97pt>
File: ordinal_analysis.pdf Graphic file (type pdf)
<use ordinal_analysis.pdf, page 63>
Package pdftex.def Info: ordinal_analysis.pdf , page63 used on input line 61.
(pdftex.def)             Requested size: 614.58406pt x 795.3441pt.
File: ordinal_analysis.pdf Graphic file (type pdf)
<use ordinal_analysis.pdf, page 63>
Package pdftex.def Info: ordinal_analysis.pdf , page63 used on input line 61.
(pdftex.def)             Requested size: 614.58406pt x 795.3441pt.


File: ordinal_analysis.pdf Graphic file (type pdf)
<use ordinal_analysis.pdf, page 63>
Package pdftex.def Info: ordinal_analysis.pdf , page63 used on input line 61.
(pdftex.def)             Requested size: 614.58406pt x 795.3441pt.
[63

 <./ordinal_analysis.pdf>]
<ordinal_analysis.pdf, id=358, page=64, 614.295pt x 794.97pt>
File: ordinal_analysis.pdf Graphic file (type pdf)
<use ordinal_analysis.pdf, page 64>
Package pdftex.def Info: ordinal_analysis.pdf , page64 used on input line 61.
(pdftex.def)             Requested size: 614.58406pt x 795.3441pt.
File: ordinal_analysis.pdf Graphic file (type pdf)
<use ordinal_analysis.pdf, page 64>
Package pdftex.def Info: ordinal_analysis.pdf , page64 used on input line 61.
(pdftex.def)             Requested size: 614.58406pt x 795.3441pt.


File: ordinal_analysis.pdf Graphic file (type pdf)
<use ordinal_analysis.pdf, page 64>
Package pdftex.def Info: ordinal_analysis.pdf , page64 used on input line 61.
(pdftex.def)             Requested size: 614.58406pt x 795.3441pt.
[64

 <./ordinal_analysis.pdf>]
<ordinal_analysis.pdf, id=363, page=65, 614.295pt x 794.97pt>
File: ordinal_analysis.pdf Graphic file (type pdf)
<use ordinal_analysis.pdf, page 65>
Package pdftex.def Info: ordinal_analysis.pdf , page65 used on input line 61.
(pdftex.def)             Requested size: 614.58406pt x 795.3441pt.
File: ordinal_analysis.pdf Graphic file (type pdf)
<use ordinal_analysis.pdf, page 65>
Package pdftex.def Info: ordinal_analysis.pdf , page65 used on input line 61.
(pdftex.def)             Requested size: 614.58406pt x 795.3441pt.


File: ordinal_analysis.pdf Graphic file (type pdf)
<use ordinal_analysis.pdf, page 65>
Package pdftex.def Info: ordinal_analysis.pdf , page65 used on input line 61.
(pdftex.def)             Requested size: 614.58406pt x 795.3441pt.
[65

 <./ordinal_analysis.pdf>]
<ordinal_analysis.pdf, id=368, page=66, 614.295pt x 794.97pt>
File: ordinal_analysis.pdf Graphic file (type pdf)
<use ordinal_analysis.pdf, page 66>
Package pdftex.def Info: ordinal_analysis.pdf , page66 used on input line 61.
(pdftex.def)             Requested size: 614.58406pt x 795.3441pt.
File: ordinal_analysis.pdf Graphic file (type pdf)
<use ordinal_analysis.pdf, page 66>
Package pdftex.def Info: ordinal_analysis.pdf , page66 used on input line 61.
(pdftex.def)             Requested size: 614.58406pt x 795.3441pt.


File: ordinal_analysis.pdf Graphic file (type pdf)
<use ordinal_analysis.pdf, page 66>
Package pdftex.def Info: ordinal_analysis.pdf , page66 used on input line 61.
(pdftex.def)             Requested size: 614.58406pt x 795.3441pt.
[66

 <./ordinal_analysis.pdf>]
<ordinal_analysis.pdf, id=372, page=67, 614.295pt x 794.97pt>
File: ordinal_analysis.pdf Graphic file (type pdf)
<use ordinal_analysis.pdf, page 67>
Package pdftex.def Info: ordinal_analysis.pdf , page67 used on input line 61.
(pdftex.def)             Requested size: 614.58406pt x 795.3441pt.
File: ordinal_analysis.pdf Graphic file (type pdf)
<use ordinal_analysis.pdf, page 67>
Package pdftex.def Info: ordinal_analysis.pdf , page67 used on input line 61.
(pdftex.def)             Requested size: 614.58406pt x 795.3441pt.


File: ordinal_analysis.pdf Graphic file (type pdf)
<use ordinal_analysis.pdf, page 67>
Package pdftex.def Info: ordinal_analysis.pdf , page67 used on input line 61.
(pdftex.def)             Requested size: 614.58406pt x 795.3441pt.
[67

 <./ordinal_analysis.pdf>]
<ordinal_analysis.pdf, id=377, page=68, 614.295pt x 794.97pt>
File: ordinal_analysis.pdf Graphic file (type pdf)
<use ordinal_analysis.pdf, page 68>
Package pdftex.def Info: ordinal_analysis.pdf , page68 used on input line 61.
(pdftex.def)             Requested size: 614.58406pt x 795.3441pt.
File: ordinal_analysis.pdf Graphic file (type pdf)
<use ordinal_analysis.pdf, page 68>
Package pdftex.def Info: ordinal_analysis.pdf , page68 used on input line 61.
(pdftex.def)             Requested size: 614.58406pt x 795.3441pt.


File: ordinal_analysis.pdf Graphic file (type pdf)
<use ordinal_analysis.pdf, page 68>
Package pdftex.def Info: ordinal_analysis.pdf , page68 used on input line 61.
(pdftex.def)             Requested size: 614.58406pt x 795.3441pt.
[68

 <./ordinal_analysis.pdf>]
<ordinal_analysis.pdf, id=381, page=69, 614.295pt x 794.97pt>
File: ordinal_analysis.pdf Graphic file (type pdf)
<use ordinal_analysis.pdf, page 69>
Package pdftex.def Info: ordinal_analysis.pdf , page69 used on input line 61.
(pdftex.def)             Requested size: 614.58406pt x 795.3441pt.
File: ordinal_analysis.pdf Graphic file (type pdf)
<use ordinal_analysis.pdf, page 69>
Package pdftex.def Info: ordinal_analysis.pdf , page69 used on input line 61.
(pdftex.def)             Requested size: 614.58406pt x 795.3441pt.


File: ordinal_analysis.pdf Graphic file (type pdf)
<use ordinal_analysis.pdf, page 69>
Package pdftex.def Info: ordinal_analysis.pdf , page69 used on input line 61.
(pdftex.def)             Requested size: 614.58406pt x 795.3441pt.
[69

 <./ordinal_analysis.pdf>]
<ordinal_analysis.pdf, id=385, page=70, 614.295pt x 794.97pt>
File: ordinal_analysis.pdf Graphic file (type pdf)
<use ordinal_analysis.pdf, page 70>
Package pdftex.def Info: ordinal_analysis.pdf , page70 used on input line 61.
(pdftex.def)             Requested size: 614.58406pt x 795.3441pt.
File: ordinal_analysis.pdf Graphic file (type pdf)
<use ordinal_analysis.pdf, page 70>
Package pdftex.def Info: ordinal_analysis.pdf , page70 used on input line 61.
(pdftex.def)             Requested size: 614.58406pt x 795.3441pt.


File: ordinal_analysis.pdf Graphic file (type pdf)
<use ordinal_analysis.pdf, page 70>
Package pdftex.def Info: ordinal_analysis.pdf , page70 used on input line 61.
(pdftex.def)             Requested size: 614.58406pt x 795.3441pt.
[70

 <./ordinal_analysis.pdf>]
<ordinal_analysis.pdf, id=389, page=71, 614.295pt x 794.97pt>
File: ordinal_analysis.pdf Graphic file (type pdf)
<use ordinal_analysis.pdf, page 71>
Package pdftex.def Info: ordinal_analysis.pdf , page71 used on input line 61.
(pdftex.def)             Requested size: 614.58406pt x 795.3441pt.
File: ordinal_analysis.pdf Graphic file (type pdf)
<use ordinal_analysis.pdf, page 71>
Package pdftex.def Info: ordinal_analysis.pdf , page71 used on input line 61.
(pdftex.def)             Requested size: 614.58406pt x 795.3441pt.


File: ordinal_analysis.pdf Graphic file (type pdf)
<use ordinal_analysis.pdf, page 71>
Package pdftex.def Info: ordinal_analysis.pdf , page71 used on input line 61.
(pdftex.def)             Requested size: 614.58406pt x 795.3441pt.
[71

 <./ordinal_analysis.pdf>]
<ordinal_analysis.pdf, id=393, page=72, 614.295pt x 794.97pt>
File: ordinal_analysis.pdf Graphic file (type pdf)
<use ordinal_analysis.pdf, page 72>
Package pdftex.def Info: ordinal_analysis.pdf , page72 used on input line 61.
(pdftex.def)             Requested size: 614.58406pt x 795.3441pt.
File: ordinal_analysis.pdf Graphic file (type pdf)
<use ordinal_analysis.pdf, page 72>
Package pdftex.def Info: ordinal_analysis.pdf , page72 used on input line 61.
(pdftex.def)             Requested size: 614.58406pt x 795.3441pt.


File: ordinal_analysis.pdf Graphic file (type pdf)
<use ordinal_analysis.pdf, page 72>
Package pdftex.def Info: ordinal_analysis.pdf , page72 used on input line 61.
(pdftex.def)             Requested size: 614.58406pt x 795.3441pt.
[72

 <./ordinal_analysis.pdf>]
<ordinal_analysis.pdf, id=397, page=73, 614.295pt x 794.97pt>
File: ordinal_analysis.pdf Graphic file (type pdf)
<use ordinal_analysis.pdf, page 73>
Package pdftex.def Info: ordinal_analysis.pdf , page73 used on input line 61.
(pdftex.def)             Requested size: 614.58406pt x 795.3441pt.
File: ordinal_analysis.pdf Graphic file (type pdf)
<use ordinal_analysis.pdf, page 73>
Package pdftex.def Info: ordinal_analysis.pdf , page73 used on input line 61.
(pdftex.def)             Requested size: 614.58406pt x 795.3441pt.


File: ordinal_analysis.pdf Graphic file (type pdf)
<use ordinal_analysis.pdf, page 73>
Package pdftex.def Info: ordinal_analysis.pdf , page73 used on input line 61.
(pdftex.def)             Requested size: 614.58406pt x 795.3441pt.
[73

 <./ordinal_analysis.pdf>]
<ordinal_analysis.pdf, id=402, page=74, 614.295pt x 794.97pt>
File: ordinal_analysis.pdf Graphic file (type pdf)
<use ordinal_analysis.pdf, page 74>
Package pdftex.def Info: ordinal_analysis.pdf , page74 used on input line 61.
(pdftex.def)             Requested size: 614.58406pt x 795.3441pt.
File: ordinal_analysis.pdf Graphic file (type pdf)
<use ordinal_analysis.pdf, page 74>
Package pdftex.def Info: ordinal_analysis.pdf , page74 used on input line 61.
(pdftex.def)             Requested size: 614.58406pt x 795.3441pt.


File: ordinal_analysis.pdf Graphic file (type pdf)
<use ordinal_analysis.pdf, page 74>
Package pdftex.def Info: ordinal_analysis.pdf , page74 used on input line 61.
(pdftex.def)             Requested size: 614.58406pt x 795.3441pt.
[74

 <./ordinal_analysis.pdf>]
<ordinal_analysis.pdf, id=407, page=75, 614.295pt x 794.97pt>
File: ordinal_analysis.pdf Graphic file (type pdf)
<use ordinal_analysis.pdf, page 75>
Package pdftex.def Info: ordinal_analysis.pdf , page75 used on input line 61.
(pdftex.def)             Requested size: 614.58406pt x 795.3441pt.
File: ordinal_analysis.pdf Graphic file (type pdf)
<use ordinal_analysis.pdf, page 75>
Package pdftex.def Info: ordinal_analysis.pdf , page75 used on input line 61.
(pdftex.def)             Requested size: 614.58406pt x 795.3441pt.


File: ordinal_analysis.pdf Graphic file (type pdf)
<use ordinal_analysis.pdf, page 75>
Package pdftex.def Info: ordinal_analysis.pdf , page75 used on input line 61.
(pdftex.def)             Requested size: 614.58406pt x 795.3441pt.
[75

 <./ordinal_analysis.pdf>]
<ordinal_analysis.pdf, id=411, page=76, 614.295pt x 794.97pt>
File: ordinal_analysis.pdf Graphic file (type pdf)
<use ordinal_analysis.pdf, page 76>
Package pdftex.def Info: ordinal_analysis.pdf , page76 used on input line 61.
(pdftex.def)             Requested size: 614.58406pt x 795.3441pt.
File: ordinal_analysis.pdf Graphic file (type pdf)
<use ordinal_analysis.pdf, page 76>
Package pdftex.def Info: ordinal_analysis.pdf , page76 used on input line 61.
(pdftex.def)             Requested size: 614.58406pt x 795.3441pt.


File: ordinal_analysis.pdf Graphic file (type pdf)
<use ordinal_analysis.pdf, page 76>
Package pdftex.def Info: ordinal_analysis.pdf , page76 used on input line 61.
(pdftex.def)             Requested size: 614.58406pt x 795.3441pt.
[76

 <./ordinal_analysis.pdf>]
<ordinal_analysis.pdf, id=416, page=77, 614.295pt x 794.97pt>
File: ordinal_analysis.pdf Graphic file (type pdf)
<use ordinal_analysis.pdf, page 77>
Package pdftex.def Info: ordinal_analysis.pdf , page77 used on input line 61.
(pdftex.def)             Requested size: 614.58406pt x 795.3441pt.
File: ordinal_analysis.pdf Graphic file (type pdf)
<use ordinal_analysis.pdf, page 77>
Package pdftex.def Info: ordinal_analysis.pdf , page77 used on input line 61.
(pdftex.def)             Requested size: 614.58406pt x 795.3441pt.


File: ordinal_analysis.pdf Graphic file (type pdf)
<use ordinal_analysis.pdf, page 77>
Package pdftex.def Info: ordinal_analysis.pdf , page77 used on input line 61.
(pdftex.def)             Requested size: 614.58406pt x 795.3441pt.
[77

 <./ordinal_analysis.pdf>]
<ordinal_analysis.pdf, id=421, page=78, 614.295pt x 794.97pt>
File: ordinal_analysis.pdf Graphic file (type pdf)
<use ordinal_analysis.pdf, page 78>
Package pdftex.def Info: ordinal_analysis.pdf , page78 used on input line 61.
(pdftex.def)             Requested size: 614.58406pt x 795.3441pt.
File: ordinal_analysis.pdf Graphic file (type pdf)
<use ordinal_analysis.pdf, page 78>
Package pdftex.def Info: ordinal_analysis.pdf , page78 used on input line 61.
(pdftex.def)             Requested size: 614.58406pt x 795.3441pt.


File: ordinal_analysis.pdf Graphic file (type pdf)
<use ordinal_analysis.pdf, page 78>
Package pdftex.def Info: ordinal_analysis.pdf , page78 used on input line 61.
(pdftex.def)             Requested size: 614.58406pt x 795.3441pt.
[78

 <./ordinal_analysis.pdf>]
<ordinal_analysis.pdf, id=426, page=79, 614.295pt x 794.97pt>
File: ordinal_analysis.pdf Graphic file (type pdf)
<use ordinal_analysis.pdf, page 79>
Package pdftex.def Info: ordinal_analysis.pdf , page79 used on input line 61.
(pdftex.def)             Requested size: 614.58406pt x 795.3441pt.
File: ordinal_analysis.pdf Graphic file (type pdf)
<use ordinal_analysis.pdf, page 79>
Package pdftex.def Info: ordinal_analysis.pdf , page79 used on input line 61.
(pdftex.def)             Requested size: 614.58406pt x 795.3441pt.


File: ordinal_analysis.pdf Graphic file (type pdf)
<use ordinal_analysis.pdf, page 79>
Package pdftex.def Info: ordinal_analysis.pdf , page79 used on input line 61.
(pdftex.def)             Requested size: 614.58406pt x 795.3441pt.
[79

 <./ordinal_analysis.pdf>] (./DSTSOM.aux)
 ***********
LaTeX2e <2024-06-01>
L3 programming layer <2024-05-08>
 ***********
 ) 
Here is how much of TeX's memory you used:
 3077 strings out of 473600
 55062 string characters out of 5732738
 1926893 words of memory out of 5000000
 25948 multiletter control sequences out of 15000+600000
 558069 words of font info for 36 fonts, out of 8000000 for 9000
 1141 hyphenation exceptions out of 8191
 68i,17n,67p,250b,437s stack positions out of 10000i,1000n,20000p,200000b,200000s
<c:/texlive/2024/texmf-dist/fonts/type1/public/amsfonts/cm/cmbx10.pfb><c:/tex
live/2024/texmf-dist/fonts/type1/public/amsfonts/cm/cmbx12.pfb><c:/texlive/2024
/texmf-dist/fonts/type1/public/amsfonts/cm/cmitt10.pfb><c:/texlive/2024/texmf-d
ist/fonts/type1/public/amsfonts/cm/cmmi10.pfb><c:/texlive/2024/texmf-dist/fonts
/type1/public/amsfonts/cm/cmr10.pfb><c:/texlive/2024/texmf-dist/fonts/type1/pub
lic/amsfonts/cm/cmr12.pfb><c:/texlive/2024/texmf-dist/fonts/type1/public/amsfon
ts/cm/cmr17.pfb><c:/texlive/2024/texmf-dist/fonts/type1/public/amsfonts/cm/cmsy
10.pfb><c:/texlive/2024/texmf-dist/fonts/type1/public/amsfonts/cm/cmti10.pfb><c
:/texlive/2024/texmf-dist/fonts/type1/public/amsfonts/cm/cmtt10.pfb>
Output written on DSTSOM.pdf (79 pages, 2040290 bytes).
PDF statistics:
 448 PDF objects out of 1000 (max. 8388607)
 234 compressed objects within 3 object streams
 0 named destinations out of 1000 (max. 500000)
 411 words of extra memory for PDF output out of 10000 (max. 10000000)

